1653474221.642163 client started (85853): version 3.2a, socket /tmp/tmux-1000/default, protocol 8
1653474221.642182 on Linux 5.15.0-30-generic #31-Ubuntu SMP Thu May 5 10:00:34 UTC 2022
1653474221.642188 using libevent 2.1.12-stable (poll); ncurses 6.3
1653474221.642203 flags are 0x10010000
1653474221.642206 socket is /tmp/tmux-1000/default
1653474221.642215 trying connect
1653474221.642260 add peer 0x55b062c5cc90: 6 ((nil))
1653474221.642485 sending message 100 to peer 0x55b062c5cc90 (4 bytes)
1653474221.642492 sending message 111 to peer 0x55b062c5cc90 (8 bytes)
1653474221.642496 sending message 101 to peer 0x55b062c5cc90 (14 bytes)
1653474221.642499 sending message 109 to peer 0x55b062c5cc90 (4 bytes)
1653474221.642502 sending message 102 to peer 0x55b062c5cc90 (11 bytes)
1653474221.642505 sending message 108 to peer 0x55b062c5cc90 (33 bytes)
1653474221.642508 sending message 112 to peer 0x55b062c5cc90 (70 bytes)
1653474221.642512 sending message 112 to peer 0x55b062c5cc90 (5 bytes)
1653474221.642515 sending message 112 to peer 0x55b062c5cc90 (5 bytes)
1653474221.642518 sending message 112 to peer 0x55b062c5cc90 (6 bytes)
1653474221.642521 sending message 112 to peer 0x55b062c5cc90 (6 bytes)
1653474221.642524 sending message 112 to peer 0x55b062c5cc90 (11 bytes)
1653474221.642527 sending message 112 to peer 0x55b062c5cc90 (10 bytes)
1653474221.642530 sending message 112 to peer 0x55b062c5cc90 (13 bytes)
1653474221.642533 sending message 112 to peer 0x55b062c5cc90 (13 bytes)
1653474221.642536 sending message 112 to peer 0x55b062c5cc90 (18 bytes)
1653474221.642539 sending message 112 to peer 0x55b062c5cc90 (11 bytes)
1653474221.642542 sending message 112 to peer 0x55b062c5cc90 (10 bytes)
1653474221.642545 sending message 112 to peer 0x55b062c5cc90 (15 bytes)
1653474221.642548 sending message 112 to peer 0x55b062c5cc90 (21 bytes)
1653474221.642551 sending message 112 to peer 0x55b062c5cc90 (13 bytes)
1653474221.642554 sending message 112 to peer 0x55b062c5cc90 (7 bytes)
1653474221.642557 sending message 112 to peer 0x55b062c5cc90 (13 bytes)
1653474221.642560 sending message 112 to peer 0x55b062c5cc90 (7 bytes)
1653474221.642563 sending message 112 to peer 0x55b062c5cc90 (13 bytes)
1653474221.642566 sending message 112 to peer 0x55b062c5cc90 (9 bytes)
1653474221.642569 sending message 112 to peer 0x55b062c5cc90 (21 bytes)
1653474221.642572 sending message 112 to peer 0x55b062c5cc90 (13 bytes)
1653474221.642575 sending message 112 to peer 0x55b062c5cc90 (8 bytes)
1653474221.642578 sending message 112 to peer 0x55b062c5cc90 (12 bytes)
1653474221.642581 sending message 112 to peer 0x55b062c5cc90 (13 bytes)
1653474221.642584 sending message 112 to peer 0x55b062c5cc90 (9 bytes)
1653474221.642587 sending message 112 to peer 0x55b062c5cc90 (9 bytes)
1653474221.642590 sending message 112 to peer 0x55b062c5cc90 (12 bytes)
1653474221.642593 sending message 112 to peer 0x55b062c5cc90 (8 bytes)
1653474221.642596 sending message 112 to peer 0x55b062c5cc90 (8 bytes)
1653474221.642599 sending message 112 to peer 0x55b062c5cc90 (7 bytes)
1653474221.642602 sending message 112 to peer 0x55b062c5cc90 (7 bytes)
1653474221.642605 sending message 112 to peer 0x55b062c5cc90 (9 bytes)
1653474221.642608 sending message 112 to peer 0x55b062c5cc90 (13 bytes)
1653474221.642611 sending message 112 to peer 0x55b062c5cc90 (6 bytes)
1653474221.642614 sending message 112 to peer 0x55b062c5cc90 (9 bytes)
1653474221.642617 sending message 112 to peer 0x55b062c5cc90 (15 bytes)
1653474221.642620 sending message 112 to peer 0x55b062c5cc90 (13 bytes)
1653474221.642623 sending message 112 to peer 0x55b062c5cc90 (12 bytes)
1653474221.642626 sending message 112 to peer 0x55b062c5cc90 (8 bytes)
1653474221.642629 sending message 112 to peer 0x55b062c5cc90 (14 bytes)
1653474221.642632 sending message 112 to peer 0x55b062c5cc90 (11 bytes)
1653474221.642635 sending message 112 to peer 0x55b062c5cc90 (9 bytes)
1653474221.642638 sending message 112 to peer 0x55b062c5cc90 (10 bytes)
1653474221.642641 sending message 112 to peer 0x55b062c5cc90 (10 bytes)
1653474221.642644 sending message 112 to peer 0x55b062c5cc90 (10 bytes)
1653474221.642653 sending message 112 to peer 0x55b062c5cc90 (10 bytes)
1653474221.642657 sending message 112 to peer 0x55b062c5cc90 (11 bytes)
1653474221.642660 sending message 112 to peer 0x55b062c5cc90 (12 bytes)
1653474221.642663 sending message 112 to peer 0x55b062c5cc90 (12 bytes)
1653474221.642666 sending message 112 to peer 0x55b062c5cc90 (12 bytes)
1653474221.642669 sending message 112 to peer 0x55b062c5cc90 (12 bytes)
1653474221.642672 sending message 112 to peer 0x55b062c5cc90 (12 bytes)
1653474221.642675 sending message 112 to peer 0x55b062c5cc90 (11 bytes)
1653474221.642678 sending message 112 to peer 0x55b062c5cc90 (11 bytes)
1653474221.642681 sending message 112 to peer 0x55b062c5cc90 (12 bytes)
1653474221.642684 sending message 112 to peer 0x55b062c5cc90 (12 bytes)
1653474221.642687 sending message 112 to peer 0x55b062c5cc90 (12 bytes)
1653474221.642690 sending message 112 to peer 0x55b062c5cc90 (12 bytes)
1653474221.642693 sending message 112 to peer 0x55b062c5cc90 (12 bytes)
1653474221.642696 sending message 112 to peer 0x55b062c5cc90 (10 bytes)
1653474221.642699 sending message 112 to peer 0x55b062c5cc90 (12 bytes)
1653474221.642702 sending message 112 to peer 0x55b062c5cc90 (13 bytes)
1653474221.642705 sending message 112 to peer 0x55b062c5cc90 (13 bytes)
1653474221.642708 sending message 112 to peer 0x55b062c5cc90 (13 bytes)
1653474221.642711 sending message 112 to peer 0x55b062c5cc90 (13 bytes)
1653474221.642714 sending message 112 to peer 0x55b062c5cc90 (13 bytes)
1653474221.642717 sending message 112 to peer 0x55b062c5cc90 (8 bytes)
1653474221.642720 sending message 112 to peer 0x55b062c5cc90 (11 bytes)
1653474221.642723 sending message 112 to peer 0x55b062c5cc90 (11 bytes)
1653474221.642726 sending message 112 to peer 0x55b062c5cc90 (11 bytes)
1653474221.642729 sending message 112 to peer 0x55b062c5cc90 (12 bytes)
1653474221.642732 sending message 112 to peer 0x55b062c5cc90 (12 bytes)
1653474221.642735 sending message 112 to peer 0x55b062c5cc90 (12 bytes)
1653474221.642738 sending message 112 to peer 0x55b062c5cc90 (12 bytes)
1653474221.642741 sending message 112 to peer 0x55b062c5cc90 (13 bytes)
1653474221.642744 sending message 112 to peer 0x55b062c5cc90 (13 bytes)
1653474221.642747 sending message 112 to peer 0x55b062c5cc90 (13 bytes)
1653474221.642750 sending message 112 to peer 0x55b062c5cc90 (8 bytes)
1653474221.642753 sending message 112 to peer 0x55b062c5cc90 (13 bytes)
1653474221.642756 sending message 112 to peer 0x55b062c5cc90 (13 bytes)
1653474221.642759 sending message 112 to peer 0x55b062c5cc90 (13 bytes)
1653474221.642762 sending message 112 to peer 0x55b062c5cc90 (13 bytes)
1653474221.642765 sending message 112 to peer 0x55b062c5cc90 (13 bytes)
1653474221.642768 sending message 112 to peer 0x55b062c5cc90 (12 bytes)
1653474221.642771 sending message 112 to peer 0x55b062c5cc90 (12 bytes)
1653474221.642774 sending message 112 to peer 0x55b062c5cc90 (12 bytes)
1653474221.642778 sending message 112 to peer 0x55b062c5cc90 (12 bytes)
1653474221.642781 sending message 112 to peer 0x55b062c5cc90 (13 bytes)
1653474221.642784 sending message 112 to peer 0x55b062c5cc90 (8 bytes)
1653474221.642787 sending message 112 to peer 0x55b062c5cc90 (13 bytes)
1653474221.642790 sending message 112 to peer 0x55b062c5cc90 (13 bytes)
1653474221.642792 sending message 112 to peer 0x55b062c5cc90 (13 bytes)
1653474221.642795 sending message 112 to peer 0x55b062c5cc90 (13 bytes)
1653474221.642798 sending message 112 to peer 0x55b062c5cc90 (13 bytes)
1653474221.642801 sending message 112 to peer 0x55b062c5cc90 (13 bytes)
1653474221.642804 sending message 112 to peer 0x55b062c5cc90 (13 bytes)
1653474221.642807 sending message 112 to peer 0x55b062c5cc90 (12 bytes)
1653474221.642810 sending message 112 to peer 0x55b062c5cc90 (12 bytes)
1653474221.642813 sending message 112 to peer 0x55b062c5cc90 (12 bytes)
1653474221.642816 sending message 112 to peer 0x55b062c5cc90 (8 bytes)
1653474221.642819 sending message 112 to peer 0x55b062c5cc90 (12 bytes)
1653474221.642822 sending message 112 to peer 0x55b062c5cc90 (13 bytes)
1653474221.642828 sending message 112 to peer 0x55b062c5cc90 (13 bytes)
1653474221.642832 sending message 112 to peer 0x55b062c5cc90 (13 bytes)
1653474221.642835 sending message 112 to peer 0x55b062c5cc90 (13 bytes)
1653474221.642838 sending message 112 to peer 0x55b062c5cc90 (13 bytes)
1653474221.642841 sending message 112 to peer 0x55b062c5cc90 (13 bytes)
1653474221.642844 sending message 112 to peer 0x55b062c5cc90 (13 bytes)
1653474221.642847 sending message 112 to peer 0x55b062c5cc90 (13 bytes)
1653474221.642850 sending message 112 to peer 0x55b062c5cc90 (12 bytes)
1653474221.642852 sending message 112 to peer 0x55b062c5cc90 (10 bytes)
1653474221.642855 sending message 112 to peer 0x55b062c5cc90 (12 bytes)
1653474221.642858 sending message 112 to peer 0x55b062c5cc90 (12 bytes)
1653474221.642861 sending message 112 to peer 0x55b062c5cc90 (12 bytes)
1653474221.642864 sending message 112 to peer 0x55b062c5cc90 (13 bytes)
1653474221.642867 sending message 112 to peer 0x55b062c5cc90 (13 bytes)
1653474221.642870 sending message 112 to peer 0x55b062c5cc90 (13 bytes)
1653474221.642873 sending message 112 to peer 0x55b062c5cc90 (13 bytes)
1653474221.642876 sending message 112 to peer 0x55b062c5cc90 (13 bytes)
1653474221.642879 sending message 112 to peer 0x55b062c5cc90 (13 bytes)
1653474221.642882 sending message 112 to peer 0x55b062c5cc90 (13 bytes)
1653474221.642885 sending message 112 to peer 0x55b062c5cc90 (10 bytes)
1653474221.642888 sending message 112 to peer 0x55b062c5cc90 (13 bytes)
1653474221.642891 sending message 112 to peer 0x55b062c5cc90 (12 bytes)
1653474221.642894 sending message 112 to peer 0x55b062c5cc90 (12 bytes)
1653474221.642897 sending message 112 to peer 0x55b062c5cc90 (12 bytes)
1653474221.642900 sending message 112 to peer 0x55b062c5cc90 (10 bytes)
1653474221.642903 sending message 112 to peer 0x55b062c5cc90 (10 bytes)
1653474221.642906 sending message 112 to peer 0x55b062c5cc90 (10 bytes)
1653474221.642909 sending message 112 to peer 0x55b062c5cc90 (12 bytes)
1653474221.642912 sending message 112 to peer 0x55b062c5cc90 (13 bytes)
1653474221.642915 sending message 112 to peer 0x55b062c5cc90 (13 bytes)
1653474221.642918 sending message 112 to peer 0x55b062c5cc90 (13 bytes)
1653474221.642921 sending message 112 to peer 0x55b062c5cc90 (13 bytes)
1653474221.642924 sending message 112 to peer 0x55b062c5cc90 (13 bytes)
1653474221.642927 sending message 112 to peer 0x55b062c5cc90 (11 bytes)
1653474221.642930 sending message 112 to peer 0x55b062c5cc90 (11 bytes)
1653474221.642933 sending message 112 to peer 0x55b062c5cc90 (12 bytes)
1653474221.642936 sending message 112 to peer 0x55b062c5cc90 (12 bytes)
1653474221.642939 sending message 112 to peer 0x55b062c5cc90 (12 bytes)
1653474221.642942 sending message 112 to peer 0x55b062c5cc90 (12 bytes)
1653474221.642945 sending message 112 to peer 0x55b062c5cc90 (12 bytes)
1653474221.642948 sending message 112 to peer 0x55b062c5cc90 (11 bytes)
1653474221.642951 sending message 112 to peer 0x55b062c5cc90 (12 bytes)
1653474221.642954 sending message 112 to peer 0x55b062c5cc90 (12 bytes)
1653474221.642957 sending message 112 to peer 0x55b062c5cc90 (13 bytes)
1653474221.642960 sending message 112 to peer 0x55b062c5cc90 (13 bytes)
1653474221.642963 sending message 112 to peer 0x55b062c5cc90 (13 bytes)
1653474221.642966 sending message 112 to peer 0x55b062c5cc90 (13 bytes)
1653474221.642969 sending message 112 to peer 0x55b062c5cc90 (13 bytes)
1653474221.642972 sending message 112 to peer 0x55b062c5cc90 (10 bytes)
1653474221.642974 sending message 112 to peer 0x55b062c5cc90 (9 bytes)
1653474221.642977 sending message 112 to peer 0x55b062c5cc90 (12 bytes)
1653474221.642980 sending message 112 to peer 0x55b062c5cc90 (13 bytes)
1653474221.642983 sending message 112 to peer 0x55b062c5cc90 (13 bytes)
1653474221.642986 sending message 112 to peer 0x55b062c5cc90 (13 bytes)
1653474221.642989 sending message 112 to peer 0x55b062c5cc90 (13 bytes)
1653474221.642992 sending message 112 to peer 0x55b062c5cc90 (13 bytes)
1653474221.642995 sending message 112 to peer 0x55b062c5cc90 (9 bytes)
1653474221.643000 sending message 112 to peer 0x55b062c5cc90 (12 bytes)
1653474221.643003 sending message 112 to peer 0x55b062c5cc90 (13 bytes)
1653474221.643006 sending message 112 to peer 0x55b062c5cc90 (13 bytes)
1653474221.643009 sending message 112 to peer 0x55b062c5cc90 (13 bytes)
1653474221.643012 sending message 112 to peer 0x55b062c5cc90 (13 bytes)
1653474221.643015 sending message 112 to peer 0x55b062c5cc90 (13 bytes)
1653474221.643020 sending message 112 to peer 0x55b062c5cc90 (11 bytes)
1653474221.643023 sending message 112 to peer 0x55b062c5cc90 (12 bytes)
1653474221.643026 sending message 112 to peer 0x55b062c5cc90 (13 bytes)
1653474221.643029 sending message 112 to peer 0x55b062c5cc90 (13 bytes)
1653474221.643031 sending message 112 to peer 0x55b062c5cc90 (13 bytes)
1653474221.643034 sending message 112 to peer 0x55b062c5cc90 (13 bytes)
1653474221.643037 sending message 112 to peer 0x55b062c5cc90 (13 bytes)
1653474221.643040 sending message 112 to peer 0x55b062c5cc90 (11 bytes)
1653474221.643043 sending message 112 to peer 0x55b062c5cc90 (12 bytes)
1653474221.643046 sending message 112 to peer 0x55b062c5cc90 (12 bytes)
1653474221.643049 sending message 112 to peer 0x55b062c5cc90 (12 bytes)
1653474221.643052 sending message 112 to peer 0x55b062c5cc90 (12 bytes)
1653474221.643054 sending message 112 to peer 0x55b062c5cc90 (12 bytes)
1653474221.643057 sending message 112 to peer 0x55b062c5cc90 (21 bytes)
1653474221.643060 sending message 112 to peer 0x55b062c5cc90 (12 bytes)
1653474221.643063 sending message 112 to peer 0x55b062c5cc90 (9 bytes)
1653474221.643067 sending message 112 to peer 0x55b062c5cc90 (6 bytes)
1653474221.643070 sending message 112 to peer 0x55b062c5cc90 (8 bytes)
1653474221.643073 sending message 112 to peer 0x55b062c5cc90 (15 bytes)
1653474221.643076 sending message 112 to peer 0x55b062c5cc90 (13 bytes)
1653474221.643079 sending message 112 to peer 0x55b062c5cc90 (9 bytes)
1653474221.643082 sending message 112 to peer 0x55b062c5cc90 (70 bytes)
1653474221.643085 sending message 112 to peer 0x55b062c5cc90 (69 bytes)
1653474221.643088 sending message 112 to peer 0x55b062c5cc90 (10 bytes)
1653474221.643091 sending message 112 to peer 0x55b062c5cc90 (10 bytes)
1653474221.643094 sending message 112 to peer 0x55b062c5cc90 (8 bytes)
1653474221.643097 sending message 112 to peer 0x55b062c5cc90 (15 bytes)
1653474221.643099 sending message 112 to peer 0x55b062c5cc90 (13 bytes)
1653474221.643102 sending message 112 to peer 0x55b062c5cc90 (10 bytes)
1653474221.643105 sending message 112 to peer 0x55b062c5cc90 (10 bytes)
1653474221.643108 sending message 112 to peer 0x55b062c5cc90 (17 bytes)
1653474221.643111 sending message 112 to peer 0x55b062c5cc90 (10 bytes)
1653474221.643115 sending message 112 to peer 0x55b062c5cc90 (13 bytes)
1653474221.643118 sending message 112 to peer 0x55b062c5cc90 (9 bytes)
1653474221.643121 sending message 112 to peer 0x55b062c5cc90 (5 bytes)
1653474221.643124 sending message 112 to peer 0x55b062c5cc90 (15 bytes)
1653474221.643128 sending message 104 to peer 0x55b062c5cc90 (0 bytes)
1653474221.643131 sending message 110 to peer 0x55b062c5cc90 (0 bytes)
1653474221.643135 sending message 107 to peer 0x55b062c5cc90 (4 bytes)
1653474221.643138 sending message 105 to peer 0x55b062c5cc90 (39 bytes)
1653474221.643141 sending message 105 to peer 0x55b062c5cc90 (56 bytes)
1653474221.643144 sending message 105 to peer 0x55b062c5cc90 (23 bytes)
1653474221.643147 sending message 105 to peer 0x55b062c5cc90 (20 bytes)
1653474221.643150 sending message 105 to peer 0x55b062c5cc90 (47 bytes)
1653474221.643152 sending message 105 to peer 0x55b062c5cc90 (55 bytes)
1653474221.643155 sending message 105 to peer 0x55b062c5cc90 (14 bytes)
1653474221.643158 sending message 105 to peer 0x55b062c5cc90 (54 bytes)
1653474221.643161 sending message 105 to peer 0x55b062c5cc90 (51 bytes)
1653474221.643166 sending message 105 to peer 0x55b062c5cc90 (23 bytes)
1653474221.643169 sending message 105 to peer 0x55b062c5cc90 (11 bytes)
1653474221.643172 sending message 105 to peer 0x55b062c5cc90 (52 bytes)
1653474221.643178 sending message 105 to peer 0x55b062c5cc90 (96 bytes)
1653474221.643181 sending message 105 to peer 0x55b062c5cc90 (19 bytes)
1653474221.643184 sending message 105 to peer 0x55b062c5cc90 (83 bytes)
1653474221.643187 sending message 105 to peer 0x55b062c5cc90 (22 bytes)
1653474221.643190 sending message 105 to peer 0x55b062c5cc90 (18 bytes)
1653474221.643193 sending message 105 to peer 0x55b062c5cc90 (28 bytes)
1653474221.643196 sending message 105 to peer 0x55b062c5cc90 (22 bytes)
1653474221.643198 sending message 105 to peer 0x55b062c5cc90 (21 bytes)
1653474221.643201 sending message 105 to peer 0x55b062c5cc90 (22 bytes)
1653474221.643204 sending message 105 to peer 0x55b062c5cc90 (17 bytes)
1653474221.643207 sending message 105 to peer 0x55b062c5cc90 (21 bytes)
1653474221.643210 sending message 105 to peer 0x55b062c5cc90 (17 bytes)
1653474221.643214 sending message 105 to peer 0x55b062c5cc90 (24 bytes)
1653474221.643217 sending message 105 to peer 0x55b062c5cc90 (27 bytes)
1653474221.643220 sending message 105 to peer 0x55b062c5cc90 (24 bytes)
1653474221.643223 sending message 105 to peer 0x55b062c5cc90 (14 bytes)
1653474221.643226 sending message 105 to peer 0x55b062c5cc90 (23 bytes)
1653474221.643229 sending message 105 to peer 0x55b062c5cc90 (15 bytes)
1653474221.643232 sending message 105 to peer 0x55b062c5cc90 (19 bytes)
1653474221.643235 sending message 105 to peer 0x55b062c5cc90 (20 bytes)
1653474221.643238 sending message 105 to peer 0x55b062c5cc90 (8 bytes)
1653474221.643241 sending message 105 to peer 0x55b062c5cc90 (19 bytes)
1653474221.643243 sending message 105 to peer 0x55b062c5cc90 (32 bytes)
1653474221.643246 sending message 105 to peer 0x55b062c5cc90 (1519 bytes)
1653474221.643263 sending message 105 to peer 0x55b062c5cc90 (54 bytes)
1653474221.643267 sending message 105 to peer 0x55b062c5cc90 (31 bytes)
1653474221.643270 sending message 105 to peer 0x55b062c5cc90 (10 bytes)
1653474221.643273 sending message 105 to peer 0x55b062c5cc90 (12 bytes)
1653474221.643276 sending message 105 to peer 0x55b062c5cc90 (11 bytes)
1653474221.643279 sending message 105 to peer 0x55b062c5cc90 (136 bytes)
1653474221.643282 sending message 105 to peer 0x55b062c5cc90 (37 bytes)
1653474221.643285 sending message 105 to peer 0x55b062c5cc90 (19 bytes)
1653474221.643288 sending message 105 to peer 0x55b062c5cc90 (30 bytes)
1653474221.643291 sending message 105 to peer 0x55b062c5cc90 (18 bytes)
1653474221.643294 sending message 105 to peer 0x55b062c5cc90 (82 bytes)
1653474221.643297 sending message 105 to peer 0x55b062c5cc90 (19 bytes)
1653474221.643300 sending message 105 to peer 0x55b062c5cc90 (8 bytes)
1653474221.643303 sending message 105 to peer 0x55b062c5cc90 (18 bytes)
1653474221.643306 sending message 105 to peer 0x55b062c5cc90 (46 bytes)
1653474221.643309 sending message 105 to peer 0x55b062c5cc90 (21 bytes)
1653474221.643312 sending message 105 to peer 0x55b062c5cc90 (19 bytes)
1653474221.643315 sending message 105 to peer 0x55b062c5cc90 (18 bytes)
1653474221.643318 sending message 105 to peer 0x55b062c5cc90 (26 bytes)
1653474221.643321 sending message 105 to peer 0x55b062c5cc90 (36 bytes)
1653474221.643324 sending message 105 to peer 0x55b062c5cc90 (13 bytes)
1653474221.643327 sending message 105 to peer 0x55b062c5cc90 (57 bytes)
1653474221.643330 sending message 105 to peer 0x55b062c5cc90 (16 bytes)
1653474221.643333 sending message 105 to peer 0x55b062c5cc90 (19 bytes)
1653474221.643336 sending message 105 to peer 0x55b062c5cc90 (40 bytes)
1653474221.643339 sending message 105 to peer 0x55b062c5cc90 (16 bytes)
1653474221.643342 sending message 105 to peer 0x55b062c5cc90 (34 bytes)
1653474221.643345 sending message 105 to peer 0x55b062c5cc90 (131 bytes)
1653474221.643348 sending message 105 to peer 0x55b062c5cc90 (24 bytes)
1653474221.643352 sending message 105 to peer 0x55b062c5cc90 (62 bytes)
1653474221.643355 sending message 105 to peer 0x55b062c5cc90 (31 bytes)
1653474221.643358 sending message 105 to peer 0x55b062c5cc90 (15 bytes)
1653474221.643365 sending message 105 to peer 0x55b062c5cc90 (52 bytes)
1653474221.643369 sending message 105 to peer 0x55b062c5cc90 (23 bytes)
1653474221.643372 sending message 105 to peer 0x55b062c5cc90 (24 bytes)
1653474221.643375 sending message 105 to peer 0x55b062c5cc90 (17 bytes)
1653474221.643378 sending message 105 to peer 0x55b062c5cc90 (58 bytes)
1653474221.643381 sending message 105 to peer 0x55b062c5cc90 (21 bytes)
1653474221.643384 sending message 105 to peer 0x55b062c5cc90 (11 bytes)
1653474221.643387 sending message 105 to peer 0x55b062c5cc90 (20 bytes)
1653474221.643390 sending message 105 to peer 0x55b062c5cc90 (32 bytes)
1653474221.643393 sending message 105 to peer 0x55b062c5cc90 (16 bytes)
1653474221.643396 sending message 105 to peer 0x55b062c5cc90 (11 bytes)
1653474221.643399 sending message 105 to peer 0x55b062c5cc90 (7 bytes)
1653474221.643402 sending message 105 to peer 0x55b062c5cc90 (20 bytes)
1653474221.643405 sending message 106 to peer 0x55b062c5cc90 (0 bytes)
1653474221.643410 sending message 200 to peer 0x55b062c5cc90 (4 bytes)
1653474221.643414 client loop enter
1653474221.643821 peer 0x55b062c5cc90 message 303
1653474221.643831 open write file 2 -
1653474221.643839 sending message 305 to peer 0x55b062c5cc90 (8 bytes)
1653474221.643847 write check file 2
1653474221.643977 peer 0x55b062c5cc90 message 304
1653474221.643986 write 58 to file 2
1653474221.643991 peer 0x55b062c5cc90 message 203
1653474221.643995 file 2 58 bytes left
1653474221.644009 write check file 2
1653474221.644015 client loop exit
